RelicCardinal_ws started at 2021-11-07 23:33 [Hora estándar central (México) UTC -06:00]
OS Win 10.0.0.0, 6103MB Physical Memory, 2786 Physical Available, 7127 Virtual Total, 3485 Virtual Available, 1024 Page file.
RUN-OPTIONS []
WORKING-DIR [C:\Program Files\WindowsApps\Microsoft.Cardinal_5.0.7274.0_x64__8wekyb3d8bbwe\]
USER [Ogada]
COMPUTER [DANDYLUNALY]
LOCALE [es-MX]

(I) [23:33:19.161] [000007924]: Version.cpp - translation info queried modulefilename C:\Program Files\WindowsApps\Microsoft.Cardinal_5.0.7274.0_x64__8wekyb3d8bbwe\RelicCardinal_ws.exe, len 1732
(I) [23:33:19.161] [000007924]: Version [5.0.7274.0] Info [[Age of Empires IV][cardinal][staging][rtm][3701901]]
(I) [23:33:20.373] [000007924]: Loading step: [Additional crash information]
(I) [23:33:20.373] [000007924]: Loading step: [Platform]
(I) [23:33:20.376] [000007924]: Loading step: [Single Instance Check]
(I) [23:33:20.376] [000007924]: Loading step: [Game Runtime]
(I) [23:33:25.075] [000007924]: Loading step: [Config File]
(I) [23:33:25.161] [000007924]: GAME -- game runtime returned language 'es-MX'
(I) [23:33:25.196] [000007924]: GAME -- system locale 'es-MX' matches 'es-419'
(I) [23:33:25.245] [000007924]: GAME -- [Age of Empires IV] set to language [es-419]
(I) [23:33:25.245] [000007924]: Loading step: [Init Thread Scheduler]
(I) [23:33:25.245] [000007924]: Primary CPU is a 2668MHz [Intel(R) Core(TM) i5 CPU         750  @ 2.67GHz] running at 2668MHz
(I) [23:33:25.245] [000007924]: Architecture [9], Level [6], Revision [7685].
(I) [23:33:25.245] [000007924]: 4 logical processor(s) detected.
(I) [23:33:25.245] [000007924]: 4 physical processor(s) detected.
(I) [23:33:25.245] [000007924]: 1 processor(s) nodes detected.
(I) [23:33:25.245] [000007924]: Threading system initialized to [4]/[4] cores
(I) [23:33:25.245] [000007924]: Loading step: [Render Window]
(I) [23:33:25.245] [000007924]: Loading step: [Statgraph]
(I) [23:33:25.245] [000007924]: Loading step: [StatGraph Stats]
(I) [23:33:25.245] [000007924]: Loading step: [MathBox]
(I) [23:33:25.245] [000007924]: MATHBOX -- Mode=SSE
(I) [23:33:25.245] [000007924]: Loading step: [ArchiveManager]
(I) [23:33:25.245] [000007924]: Loading step: [Filesystem]
(I) [23:33:25.245] [000007924]: Using [C:\Users\Ogada\Documents\My Games\Age of Empires IV\] as base writable folder
(I) [23:33:25.245] [000007924]: Game -- System temp path is [C:\Users\Ogada\AppData\Local\Temp\]
(I) [23:33:25.246] [000007924]: Loading step: [Load Scheduler]
(I) [23:33:25.246] [000007924]: Loading step: [FileLogger]
(I) [23:33:25.246] [000007924]: Loading step: [Lua GameBinding Traits]
(I) [23:33:25.246] [000007924]: Loading step: [Lua Libraries]
(I) [23:33:25.246] [000007924]: Loading step: [System Config]
(I) [23:33:25.400] [000007924]: Loading step: [User Folder Unloader]
(I) [23:33:25.400] [000007924]: Loading step: [Load/Save Config Settings]
(I) [23:33:25.440] [000007924]: Loading step: [Warnings]
(I) [23:33:25.440] [000007924]: Loading step: [Load Debug Symbols]
(I) [23:33:25.440] [000007924]: Loading step: [MemoryEnvironment]
(I) [23:33:25.441] [000006576]: DB -- Unable to load symbols.
(I) [23:33:26.317] [000007924]: Loading step: [InitReflectSystem]
(I) [23:33:26.389] [000007924]: Loading step: [InitStateTreeManager]
(I) [23:33:26.389] [000007924]: Loading step: [Prerequisite Manager]
(I) [23:33:26.389] [000007924]: Loading step: [Prerequisite Entries]
(I) [23:33:26.389] [000007924]: Loading step: [GameModule Pre Mod Interface Init]
(I) [23:33:26.389] [000007924]: Loading step: [ModManager]
(I) [23:33:26.389] [000007924]: MODULE -- Creating module 'RelicGame'.
(I) [23:33:28.630] [000007924]: ARC -- c:\program files\windowsapps\microsoft.cardinal_5.0.7274.0_x64__8wekyb3d8bbwe\cardinal\archives\attrib.sga 32025589 B [ID:ee47be61ca96024d4a4e1ec86642ee0d] [Ver:1811b79df6fb474a4a2c09a3457a2a05] [Sig:12112336666737755889]
(I) [23:33:28.763] [000007924]: ARC -- c:\program files\windowsapps\microsoft.cardinal_5.0.7274.0_x64__8wekyb3d8bbwe\cardinal\archives\soundspeechcampaignleaders.sga 4022012 B [ID:7965640ab0c1bf7ba2373a19d2e7b069] [Ver:6e946e1c0304b5d962e8b3e7f0ee2eb1] [Sig:17502851032116184997]
(I) [23:33:29.209] [000007924]: ARC -- c:\program files\windowsapps\microsoft.cardinal_5.0.7274.0_x64__8wekyb3d8bbwe\cardinal\archives\soundspeechchinese.sga 317469955 B [ID:e19627d267be517bf5392c2e6014c423] [Ver:82bd69d5ddf4f0f7fa7cea34a8884cf6] [Sig:2754016724062746090]
(I) [23:33:29.411] [000007924]: ARC -- c:\program files\windowsapps\microsoft.cardinal_5.0.7274.0_x64__8wekyb3d8bbwe\cardinal\archives\soundspeechenglish.sga 294569663 B [ID:feaf97340d27ade41677b3c3df1ba56f] [Ver:c51a2ab2fff663a4638daa310406e923] [Sig:10347971993938578503]
(I) [23:33:29.599] [000007924]: ARC -- c:\program files\windowsapps\microsoft.cardinal_5.0.7274.0_x64__8wekyb3d8bbwe\cardinal\archives\soundspeechfrench.sga 269068636 B [ID:bb0a6805c37931642df8dfc59ace3577] [Ver:91d93871150af835ebdfe8372e94aeef] [Sig:5598542733205860302]
(I) [23:33:29.882] [000007924]: ARC -- c:\program files\windowsapps\microsoft.cardinal_5.0.7274.0_x64__8wekyb3d8bbwe\cardinal\archives\soundspeechhre.sga 275685564 B [ID:b9b7b1c4746a5da164c4122c43af789d] [Ver:0ee74d32612d5eb328853c3cfaf26a93] [Sig:3184095647338210151]
(I) [23:33:30.223] [000007924]: ARC -- c:\program files\windowsapps\microsoft.cardinal_5.0.7274.0_x64__8wekyb3d8bbwe\cardinal\archives\soundspeechmisc.sga 2384109 B [ID:e4c186b521460161f56ea8bd2b98da2b] [Ver:9190aed22cb1a63c0b05ceab73b57f50] [Sig:5801845490065423896]
(I) [23:33:30.549] [000007924]: ARC -- c:\program files\windowsapps\microsoft.cardinal_5.0.7274.0_x64__8wekyb3d8bbwe\cardinal\archives\soundspeechmongols.sga 359286578 B [ID:05c84958f92c54139e30273e08245a4d] [Ver:f2ac3f51a4806d863d3ae7cdd7fa27a5] [Sig:5844061125875378322]
(I) [23:33:30.871] [000007924]: ARC -- c:\program files\windowsapps\microsoft.cardinal_5.0.7274.0_x64__8wekyb3d8bbwe\cardinal\archives\soundspeechrus.sga 321337149 B [ID:571a52b40cc6bc0ea9986dde60365cd8] [Ver:60dda6ed6e09a1420769942e9eee37a0] [Sig:11821580515680893240]
(I) [23:33:31.304] [000007924]: ARC -- c:\program files\windowsapps\microsoft.cardinal_5.0.7274.0_x64__8wekyb3d8bbwe\cardinal\archives\soundspeechsultanate.sga 255927056 B [ID:89b1937c7703937f5844dc4ec15f22f9] [Ver:512caea79731ea971cbfff64deaea743] [Sig:5139859926441974357]
(I) [23:33:31.718] [000007924]: ARC -- c:\program files\windowsapps\microsoft.cardinal_5.0.7274.0_x64__8wekyb3d8bbwe\cardinal\archives\soundspeechabbasid.sga 373590540 B [ID:762a11281de7ccf41b2c9854c76b0870] [Ver:5e84cafe28899b8daefefb29b18dc765] [Sig:10881701950618501301]
(I) [23:33:32.049] [000007924]: ARC -- c:\program files\windowsapps\microsoft.cardinal_5.0.7274.0_x64__8wekyb3d8bbwe\cardinal\archives\soundspeechcampaignlocalizedlatinamericanspanish.sga 60408799 B [ID:262fee6dc9688ac7a0a78385586445ab] [Ver:26623e7bcac7961b134978d80ae52a8e] [Sig:14099788995864987433]
(I) [23:33:32.173] [000007924]: ARC -- c:\program files\windowsapps\microsoft.cardinal_5.0.7274.0_x64__8wekyb3d8bbwe\engine\archives\data.sga 7164594 B [ID:16c0f95516b6bd76239a8a743a290dba] [Ver:d01b6ea488d7736b68eb54b53809b552] [Sig:1150158378418148442]
(I) [23:33:32.334] [000007924]: ARC -- c:\program files\windowsapps\microsoft.cardinal_5.0.7274.0_x64__8wekyb3d8bbwe\engine\archives\ui.sga 1131005 B [ID:09480279ef1f221e1467f0feeeb28aa2] [Ver:aae0aac76be5a997dafa5e5dac59fcce] [Sig:15712092445952964664]
(I) [23:33:32.501] [000007924]: ARC -- c:\program files\windowsapps\microsoft.cardinal_5.0.7274.0_x64__8wekyb3d8bbwe\common\archives\data.sga 51932 B [ID:16c0f95516b6bd76239a8a743a290dba] [Ver:2eab840c73c5e0a50465e26a0c498642] [Sig:12045894921760675423]
(I) [23:33:32.726] [000007924]: ARC -- c:\program files\windowsapps\microsoft.cardinal_5.0.7274.0_x64__8wekyb3d8bbwe\cardinal\archives\data.sga 17205114 B [ID:f4b1338f05099577586aca4849e71887] [Ver:d76a4cac01fa1ec8ddfb3a5a1e26153c] [Sig:17915543088266414548]
(I) [23:33:33.213] [000007924]: ARC -- c:\program files\windowsapps\microsoft.cardinal_5.0.7274.0_x64__8wekyb3d8bbwe\cardinal\archives\art.sga 52251136 B [ID:d99ddc3bf2a59ab33b5a50ec14f1256c] [Ver:0f79e92a02e6dcc0bc80e5e0d69c6665] [Sig:13412305236346552626]
(I) [23:33:33.344] [000007924]: ARC -- c:\program files\windowsapps\microsoft.cardinal_5.0.7274.0_x64__8wekyb3d8bbwe\cardinal\archives\artcivilizations.sga 106728285 B [ID:a1848b38e5518cdbdf39590d559fac83] [Ver:a1197a777491aa3adb4d59bbfb01efd9] [Sig:16000181914362130450]
(I) [23:33:33.416] [000007924]: ARC -- c:\program files\windowsapps\microsoft.cardinal_5.0.7274.0_x64__8wekyb3d8bbwe\cardinal\archives\artenvironment.sga 479186 B [ID:a7a407191c6a9c6d7922e5be93c9c0ab] [Ver:f5f050c5231a9f2b69c24d4f56ee2539] [Sig:13565419628892128042]
(I) [23:33:33.475] [000007924]: ARC -- c:\program files\windowsapps\microsoft.cardinal_5.0.7274.0_x64__8wekyb3d8bbwe\cardinal\archives\artmaterials.sga 472 B [ID:f158b1044fc87fe0c767255d28a39503] [Ver:cd4ca20af4cc08abcb623f9c2bf1812a] [Sig:15344936433509628566]
(I) [23:33:33.602] [000007924]: ARC -- c:\program files\windowsapps\microsoft.cardinal_5.0.7274.0_x64__8wekyb3d8bbwe\cardinal\archives\artscenarios.sga 1477936 B [ID:8c73975de44dd6c1a48fcb04421475c4] [Ver:2062ceccb274605ff3e2d9e0b8c6db64] [Sig:11439821136888739016]
(I) [23:33:33.706] [000007924]: ARC -- c:\program files\windowsapps\microsoft.cardinal_5.0.7274.0_x64__8wekyb3d8bbwe\cardinal\archives\scenarios.sga 118662869 B [ID:14a8a0e59b40c543e6087f69fee1f85e] [Ver:8b130a19017e4f9160ee9b8b08c72967] [Sig:9686027820967262157]
(I) [23:33:33.795] [000007924]: ARC -- c:\program files\windowsapps\microsoft.cardinal_5.0.7274.0_x64__8wekyb3d8bbwe\cardinal\archives\scenariosmp.sga 472 B [ID:58730db3487b6b15734fa759553ff5c5] [Ver:cd4ca20af4cc08abcb623f9c2bf1812a] [Sig:15344936433509628566]
(I) [23:33:34.127] [000007924]: ARC -- c:\program files\windowsapps\microsoft.cardinal_5.0.7274.0_x64__8wekyb3d8bbwe\cardinal\archives\scenariossp.sga 362825599 B [ID:660d975e8673cc3f148c18157ca51349] [Ver:f9d3efdff85c710277af697b88afe7e1] [Sig:18085690491233117019]
(I) [23:33:34.237] [000007924]: ARC -- c:\program files\windowsapps\microsoft.cardinal_5.0.7274.0_x64__8wekyb3d8bbwe\cardinal\archives\ui.sga 108632713 B [ID:c00215033d7a6362a23396b8a85b673e] [Ver:d6227334f62fbc8f4fa271d7411e9bfe] [Sig:13472849861710675013]
(I) [23:33:34.382] [000007924]: ARC -- c:\program files\windowsapps\microsoft.cardinal_5.0.7274.0_x64__8wekyb3d8bbwe\cardinal\archives\uiart.sga 704911750 B [ID:e9e119548401f6f9cb7ccf6351516a15] [Ver:67b69f6e660591b30a5da221bfebb5c7] [Sig:2489126717994537833]
(I) [23:33:34.498] [000007924]: ARC -- c:\program files\windowsapps\microsoft.cardinal_5.0.7274.0_x64__8wekyb3d8bbwe\cardinal\archives\artcampaign.sga 386917 B [ID:6412a87b29f706d21c1052453db9f82a] [Ver:93e937688741761a1334c6f32b212187] [Sig:13028775917948200269]
(I) [23:33:34.625] [000007924]: ARC -- c:\program files\windowsapps\microsoft.cardinal_5.0.7274.0_x64__8wekyb3d8bbwe\cardinal\archives\campaigndata.sga 5789215 B [ID:3153ae39a848ec5c99fe004f4363e020] [Ver:33ca43c92f8d8f7086993a56c769bf5b] [Sig:2293334923640195557]
(I) [23:33:34.686] [000007924]: ARC -- c:\program files\windowsapps\microsoft.cardinal_5.0.7274.0_x64__8wekyb3d8bbwe\cardinal\archives\artabbasids.sga 4029860 B [ID:0e00db2440f4d006b08b650c273d8060] [Ver:efeef297e33ed60f7228e3a71b9b0db8] [Sig:710261492351384501]
(I) [23:33:34.880] [000007924]: ARC -- c:\program files\windowsapps\microsoft.cardinal_5.0.7274.0_x64__8wekyb3d8bbwe\cardinal\archives\artchinese.sga 8973452 B [ID:82a6adbd840c98202bc87fef753b5d65] [Ver:8f61aa69b8ac2642a7f97705cb028aaf] [Sig:4969517695682727237]
(I) [23:33:34.960] [000007924]: ARC -- c:\program files\windowsapps\microsoft.cardinal_5.0.7274.0_x64__8wekyb3d8bbwe\cardinal\archives\artenglish.sga 8707601 B [ID:f1edd63d3e0732b474dd114b8cefbe0a] [Ver:99a39096b456d1d8deab06e9f03739ee] [Sig:4461052958771817559]
(I) [23:33:35.134] [000007924]: ARC -- c:\program files\windowsapps\microsoft.cardinal_5.0.7274.0_x64__8wekyb3d8bbwe\cardinal\archives\artfrench.sga 7251604 B [ID:10e6ba5b8cd559550c78b750c102d365] [Ver:5bd1866c9edd74f5c3d421a0c4616f6d] [Sig:9010822740146421096]
(I) [23:33:35.253] [000007924]: ARC -- c:\program files\windowsapps\microsoft.cardinal_5.0.7274.0_x64__8wekyb3d8bbwe\cardinal\archives\artgaia.sga 2944193 B [ID:13f9b459d59202d5c9505386a400343a] [Ver:3f944a54a43bf7b922f379c863e2697c] [Sig:5093021259150856402]
(I) [23:33:35.618] [000007924]: ARC -- c:\program files\windowsapps\microsoft.cardinal_5.0.7274.0_x64__8wekyb3d8bbwe\cardinal\archives\arthre.sga 8529081 B [ID:2cd9426f658c78085b3c9636b688a407] [Ver:63cc347e7f82762bc635692c0995c102] [Sig:6382047940178015588]
(I) [23:33:35.688] [000007924]: ARC -- c:\program files\windowsapps\microsoft.cardinal_5.0.7274.0_x64__8wekyb3d8bbwe\cardinal\archives\artmongols.sga 9356612 B [ID:fbe36b2d57b65570e87e63a23c830eca] [Ver:2bd591c44e3d2e92a05c2396aa280e34] [Sig:969025272693656658]
(I) [23:33:35.777] [000007924]: ARC -- c:\program files\windowsapps\microsoft.cardinal_5.0.7274.0_x64__8wekyb3d8bbwe\cardinal\archives\artrus.sga 8467883 B [ID:147955ba60fa5b6f1f9d3f1d30dac006] [Ver:cc0b7f62b417dc765f15221106012876] [Sig:4222343612497168097]
(I) [23:33:35.881] [000007924]: ARC -- c:\program files\windowsapps\microsoft.cardinal_5.0.7274.0_x64__8wekyb3d8bbwe\cardinal\archives\artsultanate.sga 8894919 B [ID:18eda33163592da2ba61529ce754b445] [Ver:48cae41a59bf84d2845d7b22b8d43af4] [Sig:6511451074982129430]
(I) [23:33:35.942] [000007924]: ARC -- c:\program files\windowsapps\microsoft.cardinal_5.0.7274.0_x64__8wekyb3d8bbwe\tools\archives\data.sga 1848 B [ID:94195021539650ebc2111161f08a5693] [Ver:79c7730456906881b8c847ceee7fb902] [Sig:7866792900671790264]
(I) [23:33:35.943] [000007924]: Archive [DevOnly] is [corrupt]! [Skipping.]
(I) [23:33:35.943] [000007924]: Archive [DevOnly] is [corrupt]! [Skipping.]
(I) [23:33:36.011] [000007924]: ARC -- c:\program files\windowsapps\microsoft.cardinal_5.0.7274.0_x64__8wekyb3d8bbwe\cardinal\archives\otapatchassets.sga 472 B [ID:1ba10adee36f2fa055b5a175308464d0] [Ver:cd4ca20af4cc08abcb623f9c2bf1812a] [Sig:15344936433509628566]
(I) [23:33:36.088] [000007924]: ARC -- c:\program files\windowsapps\microsoft.cardinal_5.0.7274.0_x64__8wekyb3d8bbwe\cardinal\archives\tensorflow.sga 661966 B [ID:a90e31fb9bdbd9d1907690832455739e] [Ver:613330e1756e0fad23ef77888f7f6879] [Sig:12904394957454696622]
(I) [23:33:36.197] [000007924]: ARC -- c:\program files\windowsapps\microsoft.cardinal_5.0.7274.0_x64__8wekyb3d8bbwe\cardinal\archives\campaigntensorflow.sga 661993 B [ID:a29737bb04597fc31394a66f2c121ff4] [Ver:c09477024b940d23b48ad83f0684d830] [Sig:16995637170258585014]
(I) [23:33:36.274] [000007924]: ARC -- c:\program files\windowsapps\microsoft.cardinal_5.0.7274.0_x64__8wekyb3d8bbwe\engine\archives\arthigh.sga 4616 B [ID:e8f87e4ac202807565d2b4980453804d] [Ver:ab02d3b62a7a2a6b2fa10f110300180a] [Sig:11640576002842547404]
(I) [23:33:36.492] [000007924]: ARC -- c:\program files\windowsapps\microsoft.cardinal_5.0.7274.0_x64__8wekyb3d8bbwe\cardinal\archives\arthigh.sga 334048313 B [ID:99da1b8f8572c24ec631e9f73acb000d] [Ver:b1f0fc2a17ebf9c22501ba2c5d3ee9c6] [Sig:8618276460136629987]
(I) [23:33:36.620] [000007924]: ARC -- c:\program files\windowsapps\microsoft.cardinal_5.0.7274.0_x64__8wekyb3d8bbwe\cardinal\archives\localelatinamericanspanish.sga 410680 B [ID:62a2ebd7e733f8b176e762a37947a7f9] [Ver:82331e64ca307a5b6c51f33fb5466538] [Sig:7808397088085743876]
(I) [23:33:36.732] [000007924]: ARC -- c:\program files\windowsapps\microsoft.cardinal_5.0.7274.0_x64__8wekyb3d8bbwe\engine\archives\reflect.sga 877541 B [ID:cf317ce4d037d959d1f61ec4ba4b95da] [Ver:ee2327c75a65cca861392471d5c2a155] [Sig:17381995506961359270]
(I) [23:33:36.758] [000007924]: Loading step: [Localization]
(I) [23:33:36.776] [000007924]: Loading step: [Game]
(I) [23:33:36.776] [000007924]: Loading step: [SimStaticApp]
(I) [23:33:36.776] [000007924]: Loading step: [Family Manager]
(I) [23:33:37.013] [000007924]: Loading step: [SimApp]
(I) [23:33:37.013] [000007924]: Loading step: [Property Bag Registration]
(I) [23:33:37.014] [000007924]: Loading step: [Sim State Tree Manager]
(I) [23:33:37.409] [000007924]: Loading step: [Sound - Rtpc Event Database Init]
(I) [23:33:37.409] [000007924]: Loading step: [Property Bag Manager]
(I) [23:33:46.825] [000007924]: MapGen - Failed to load: attr->AttributeExists_PL(name) || attr->TableExists_PL(name)Failed loading an attribute data field for map generation. It is likely that your attribute data is out of sync with your local build or build from the build launcher.
(I) [23:33:46.826] [000007924]: MapGen - Failed to load: attr->AttributeExists_PL(name) || attr->TableExists_PL(name)Failed loading an attribute data field for map generation. It is likely that your attribute data is out of sync with your local build or build from the build launcher.
(I) [23:33:46.827] [000007924]: MapGen - Failed to load: attr->AttributeExists_PL(name) || attr->TableExists_PL(name)Failed loading an attribute data field for map generation. It is likely that your attribute data is out of sync with your local build or build from the build launcher.
(I) [23:33:46.828] [000007924]: MapGen - Failed to load: attr->AttributeExists_PL(name) || attr->TableExists_PL(name)Failed loading an attribute data field for map generation. It is likely that your attribute data is out of sync with your local build or build from the build launcher.
(I) [23:33:46.830] [000007924]: MapGen - Failed to load: attr->AttributeExists_PL(name) || attr->TableExists_PL(name)Failed loading an attribute data field for map generation. It is likely that your attribute data is out of sync with your local build or build from the build launcher.
(I) [23:33:46.831] [000007924]: MapGen - Failed to load: attr->AttributeExists_PL(name) || attr->TableExists_PL(name)Failed loading an attribute data field for map generation. It is likely that your attribute data is out of sync with your local build or build from the build launcher.
(I) [23:33:46.832] [000007924]: MapGen - Failed to load: attr->AttributeExists_PL(name) || attr->TableExists_PL(name)Failed loading an attribute data field for map generation. It is likely that your attribute data is out of sync with your local build or build from the build launcher.
(I) [23:33:46.833] [000007924]: MapGen - Failed to load: attr->AttributeExists_PL(name) || attr->TableExists_PL(name)Failed loading an attribute data field for map generation. It is likely that your attribute data is out of sync with your local build or build from the build launcher.
(I) [23:33:46.835] [000007924]: MapGen - Failed to load: attr->AttributeExists_PL(name) || attr->TableExists_PL(name)Failed loading an attribute data field for map generation. It is likely that your attribute data is out of sync with your local build or build from the build launcher.
(I) [23:33:46.837] [000007924]: MapGen - Failed to load: attr->AttributeExists_PL(name) || attr->TableExists_PL(name)Failed loading an attribute data field for map generation. It is likely that your attribute data is out of sync with your local build or build from the build launcher.
(I) [23:33:46.837] [000007924]: MapGen - Failed to load: attr->AttributeExists_PL(name) || attr->TableExists_PL(name)Failed loading an attribute data field for map generation. It is likely that your attribute data is out of sync with your local build or build from the build launcher.
(I) [23:33:46.837] [000007924]: MapGen - Failed to load: attr->AttributeExists_PL(name) || attr->TableExists_PL(name)Failed loading an attribute data field for map generation. It is likely that your attribute data is out of sync with your local build or build from the build launcher.
(I) [23:33:46.837] [000007924]: MapGen - Failed to load: attr->AttributeExists_PL(name) || attr->TableExists_PL(name)Failed loading an attribute data field for map generation. It is likely that your attribute data is out of sync with your local build or build from the build launcher.
(I) [23:33:46.837] [000007924]: MapGen - Failed to load: attr->AttributeExists_PL(name) || attr->TableExists_PL(name)Failed loading an attribute data field for map generation. It is likely that your attribute data is out of sync with your local build or build from the build launcher.
(I) [23:33:46.837] [000007924]: MapGen - Failed to load: attr->AttributeExists_PL(name) || attr->TableExists_PL(name)Failed loading an attribute data field for map generation. It is likely that your attribute data is out of sync with your local build or build from the build launcher.
(I) [23:33:46.837] [000007924]: MapGen - Failed to load: attr->AttributeExists_PL(name) || attr->TableExists_PL(name)Failed loading an attribute data field for map generation. It is likely that your attribute data is out of sync with your local build or build from the build launcher.
(I) [23:33:46.838] [000007924]: MapGen - Failed to load: attr->AttributeExists_PL(name) || attr->TableExists_PL(name)Failed loading an attribute data field for map generation. It is likely that your attribute data is out of sync with your local build or build from the build launcher.
(I) [23:33:46.838] [000007924]: MapGen - Failed to load: attr->AttributeExists_PL(name) || attr->TableExists_PL(name)Failed loading an attribute data field for map generation. It is likely that your attribute data is out of sync with your local build or build from the build launcher.
(I) [23:33:46.838] [000007924]: MapGen - Failed to load: attr->AttributeExists_PL(name) || attr->TableExists_PL(name)Failed loading an attribute data field for map generation. It is likely that your attribute data is out of sync with your local build or build from the build launcher.
(I) [23:33:46.838] [000007924]: MapGen - Failed to load: attr->AttributeExists_PL(name) || attr->TableExists_PL(name)Failed loading an attribute data field for map generation. It is likely that your attribute data is out of sync with your local build or build from the build launcher.
(I) [23:34:44.244] [000007924]: PropertyBagManager Loaded in 66.835007s
(I) [23:34:44.244] [000007924]: Loading step: [Modifier Callbacks Initialize]
(I) [23:34:44.244] [000007924]: Loading step: [HandleIndex Manager]
(I) [23:34:44.244] [000007924]: Loading step: [EntityBlueprintManager]
(I) [23:34:44.247] [000007924]: Loading step: [ReflectPostExternalSystemsInited]
(I) [23:34:44.252] [000007924]: Loading step: [ModPackManager]
(I) [23:34:44.252] [000007924]: Loading step: [ModDllSetup]
(I) [23:34:44.252] [000007924]: Loading step: [FilePath Filter]
(I) [23:34:44.252] [000007924]: Loading step: [Locale System]
(I) [23:34:44.252] [000007924]: Loading step: [Compatible Architecture Check]
(I) [23:50:13.986] [000007924]: GlobalInit -- Aborted load for step: 'Compatible Architecture Check'
(I) [23:50:13.986] [000007924]: Unloading step: [Locale System]
(I) [23:50:13.986] [000007924]: Unloading step: [FilePath Filter]
(I) [23:50:13.986] [000007924]: Unloading step: [ModManager]
(I) [23:50:13.986] [000007924]: Unloading step: [ModDllSetup]
(I) [23:50:13.986] [000007924]: Unloading step: [ModPackManager]
(I) [23:50:13.987] [000007924]: Unloading step: [Game]
(I) [23:50:13.987] [000007924]: Unloading step: [ReflectPostExternalSystemsInited]
(I) [23:50:13.987] [000007924]: Unloading step: [EntityBlueprintManager]
(I) [23:50:13.987] [000007924]: Unloading step: [HandleIndex Manager]
(I) [23:50:13.987] [000007924]: Unloading step: [Modifier Callbacks Initialize]
(I) [23:50:13.987] [000007924]: Unloading step: [Property Bag Manager]
(I) [23:50:14.087] [000007924]: Unloading step: [Sound - Rtpc Event Database Init]
(I) [23:50:14.087] [000007924]: Unloading step: [Sim State Tree Manager]
(I) [23:50:14.109] [000007924]: Unloading step: [Property Bag Registration]
(I) [23:50:14.110] [000007924]: Unloading step: [SimApp]
(I) [23:50:14.110] [000007924]: Unloading step: [Family Manager]
(I) [23:50:14.110] [000007924]: Unloading step: [SimStaticApp]
(I) [23:50:14.110] [000007924]: Unloading step: [Localization]
(I) [23:50:14.167] [000007924]: Unloading step: [GameModule Pre Mod Interface Init]
(I) [23:50:14.167] [000007924]: Unloading step: [Prerequisite Entries]
(I) [23:50:14.167] [000007924]: Unloading step: [Prerequisite Manager]
(I) [23:50:14.167] [000007924]: Unloading step: [InitStateTreeManager]
(I) [23:50:14.167] [000007924]: Unloading step: [InitReflectSystem]
(I) [23:50:14.222] [000007924]: Unloading step: [MemoryEnvironment]
(I) [23:50:14.488] [000007924]: Unloading step: [Load Debug Symbols]
(I) [23:50:14.488] [000007924]: Unloading step: [Warnings]
(I) [23:50:14.488] [000007924]: Unloading step: [Load/Save Config Settings]
(I) [23:50:14.501] [000007924]: FILESYSTEM -- filepath failure, missing alias 'peruserdata:configuration_user.lua'
(I) [23:50:14.501] [000007924]: SYSTEMCONFIG -- Failed to save configuration to 'peruserdata:configuration_user.lua'.
(I) [23:50:14.502] [000007924]: Unloading step: [User Folder Unloader]
(I) [23:50:14.502] [000007924]: FILESYSTEM -- filepath failed to remove alias, missing alias 'peruserdata'
(I) [23:50:14.502] [000007924]: FILESYSTEM -- filepath failed to remove alias, missing alias 'save'
(I) [23:50:14.502] [000007924]: Unloading step: [System Config]
(I) [23:50:14.502] [000007924]: Unloading step: [Lua Libraries]
(I) [23:50:14.502] [000007924]: Unloading step: [Lua GameBinding Traits]
(I) [23:50:14.502] [000007924]: Unloading step: [FileLogger]
(I) [23:50:14.502] [000007924]: Unloading step: [Load Scheduler]
(I) [23:50:14.502] [000007924]: Unloading step: [Filesystem]
(I) [23:50:14.502] [000007924]: FILESYSTEM -- filepath failed to remove alias, missing alias 'stats'
(I) [23:50:14.502] [000007924]: Unloading step: [ArchiveManager]
(I) [23:50:14.502] [000007924]: Unloading step: [MathBox]
(I) [23:50:14.502] [000007924]: Unloading step: [StatGraph Stats]
(I) [23:50:14.502] [000007924]: Unloading step: [Statgraph]
(I) [23:50:14.502] [000007924]: Unloading step: [Render Window]
(I) [23:50:14.502] [000007924]: Unloading step: [Init Thread Scheduler]
(I) [23:50:14.502] [000007924]: Threading system shutdown
(I) [23:50:14.502] [000007924]: Unloading step: [Config File]
(I) [23:50:14.503] [000007924]: Unloading step: [Game Runtime]
(I) [23:50:14.938] [000007924]: Unloading step: [Single Instance Check]
(I) [23:50:14.938] [000007924]: Unloading step: [Platform]

Application closed without errors
